#
# There is insufficient memory for the Java Runtime Environment to continue.
# Native memory allocation (mmap) failed to map 65011712 bytes for G1 virtual space
# Possible reasons:
#   The system is out of physical RAM or swap space
#   The process is running with CompressedOops enabled, and the Java Heap may be blocking the growth of the native heap
# Possible solutions:
#   Reduce memory load on the system
#   Increase physical memory or swap space
#   Check if swap backing store is full
#   Decrease Java heap size (-Xmx/-Xms)
#   Decrease number of Java threads
#   Decrease Java thread stack sizes (-Xss)
#   Set larger code cache with -XX:ReservedCodeCacheSize=
#   JVM is running with Unscaled Compressed Oops mode in which the Java heap is
#     placed in the first 4GB address space. The Java Heap base address is the
#     maximum limit for the native heap growth. Please use -XX:HeapBaseMinAddress
#     to set the Java Heap base and to place the Java Heap above 4GB virtual address.
# This output file may be truncated or incomplete.
#
#  Out of Memory Error (os_windows.cpp:3532), pid=6252, tid=13700
#
# JRE version:  (17.0.2+8) (build )
# Java VM: Java HotSpot(TM) 64-Bit Server VM (17.0.2+8-LTS-86, mixed mode, sharing, tiered, compressed oops, compressed class ptrs, g1 gc, windows-amd64)
# No core dump will be written. Minidumps are not enabled by default on client versions of Windows
#

---------------  S U M M A R Y ------------

Command Line: -Dfile.encoding=UTF-8 EjerciciosSemana1.ejercicio3

Host: Intel(R) Celeron(R) N4120 CPU @ 1.10GHz, 4 cores, 3G,  Windows 10 , 64 bit Build 19041 (10.0.19041.1566)
Time: Sat Mar 19 14:29:50 2022 Hora estándar, América Central elapsed time: 0.140676 seconds (0d 0h 0m 0s)

---------------  T H R E A D  ---------------

Current thread (0x0000024a6014b370):  JavaThread "Unknown thread" [_thread_in_vm, id=13700, stack(0x000000a606700000,0x000000a606800000)]

Stack: [0x000000a606700000,0x000000a606800000]
Native frames: (J=compiled Java code, j=interpreted, Vv=VM code, C=native code)
V  [jvm.dll+0x670baa]
V  [jvm.dll+0x7cfcb4]
V  [jvm.dll+0x7d145e]
V  [jvm.dll+0x7d1ac3]
V  [jvm.dll+0x242bc5]
V  [jvm.dll+0x66dac9]
V  [jvm.dll+0x662412]
V  [jvm.dll+0x300c0b]
V  [jvm.dll+0x3081a6]
V  [jvm.dll+0x357d0e]
V  [jvm.dll+0x357f3f]
V  [jvm.dll+0x2d7ec8]
V  [jvm.dll+0x2d8e34]
V  [jvm.dll+0x7a18c1]
V  [jvm.dll+0x365a91]
V  [jvm.dll+0x780d2c]
V  [jvm.dll+0x3e845f]
V  [jvm.dll+0x3e9f01]
C  [jli.dll+0x527b]
C  [ucrtbase.dll+0x21bb2]
C  [KERNEL32.DLL+0x17034]
C  [ntdll.dll+0x52651]


---------------  P R O C E S S  ---------------

Threads class SMR info:
_java_thread_list=0x00007ff875389858, length=0, elements={
}

Java Threads: ( => current thread )

Other Threads:
  0x0000024a6017a610 GCTaskThread "GC Thread#0" [stack: 0x000000a606800000,0x000000a606900000] [id=14948]
  0x0000024a60182de0 ConcurrentGCThread "G1 Main Marker" [stack: 0x000000a606900000,0x000000a606a00000] [id=12220]
  0x0000024a60183da0 ConcurrentGCThread "G1 Conc#0" [stack: 0x000000a606a00000,0x000000a606b00000] [id=10416]

[error occurred during error reporting (printing all threads), id 0xc0000005, EXCEPTION_ACCESS_VIOLATION (0xc0000005) at pc=0x00007ff874bd88a7]

VM state: not at safepoint (not fully initialized)

VM Mutex/Monitor currently owned by a thread:  ([mutex/lock_event])
[0x0000024a60147b20] Heap_lock - owner thread: 0x0000024a6014b370

Heap address: 0x00000000c2c00000, size: 980 MB, Compressed Oops mode: 32-bit

CDS archive(s) mapped at: [0x0000000000000000-0x0000000000000000-0x0000000000000000), size 0, SharedBaseAddress: 0x0000000800000000, ArchiveRelocationMode: 0.
Narrow klass base: 0x0000000000000000, Narrow klass shift: 0, Narrow klass range: 0x0

GC Precious Log:
<Empty>

Heap:
 garbage-first heap   total 0K, used 0K [0x00000000c2c00000, 0x0000000100000000)
  region size 1024K, 0 young (0K), 0 survivors (0K)

[error occurred during error reporting (printing heap information), id 0xc0000005, EXCEPTION_ACCESS_VIOLATION (0xc0000005) at pc=0x00007ff874fb9f19]

GC Heap History (0 events):
No events

Deoptimization events (0 events):
No events

Classes unloaded (0 events):
No events

Classes redefined (0 events):
No events

Internal exceptions (0 events):
No events

VM Operations (0 events):
No events

Events (1 events):
Event: 0.085 Loaded shared library C:\Program Files\Java\jdk-17.0.2\bin\java.dll


Dynamic libraries:
0x00007ff6f98b0000 - 0x00007ff6f98c0000 	C:\Program Files\Java\jdk-17.0.2\bin\java.exe
0x00007ff8f2cf0000 - 0x00007ff8f2ee5000 	C:\WINDOWS\SYSTEM32\ntdll.dll
0x00007ff8f0e80000 - 0x00007ff8f0f3e000 	C:\WINDOWS\System32\KERNEL32.DLL
0x00007ff8f0770000 - 0x00007ff8f0a38000 	C:\WINDOWS\System32\KERNELBASE.dll
0x00007ff8f0470000 - 0x00007ff8f0570000 	C:\WINDOWS\System32\ucrtbase.dll
0x00007ff8df090000 - 0x00007ff8df0aa000 	C:\Program Files\Java\jdk-17.0.2\bin\VCRUNTIME140.dll
0x00007ff8e9b20000 - 0x00007ff8e9b38000 	C:\Program Files\Java\jdk-17.0.2\bin\jli.dll
0x00007ff8f1530000 - 0x00007ff8f15de000 	C:\WINDOWS\System32\ADVAPI32.dll
0x00007ff8f1490000 - 0x00007ff8f152e000 	C:\WINDOWS\System32\msvcrt.dll
0x00007ff8f1390000 - 0x00007ff8f142c000 	C:\WINDOWS\System32\sechost.dll
0x00007ff8f1260000 - 0x00007ff8f1385000 	C:\WINDOWS\System32\RPCRT4.dll
0x00007ff8f2ab0000 - 0x00007ff8f2c50000 	C:\WINDOWS\System32\USER32.dll
0x00007ff8d73b0000 - 0x00007ff8d764a000 	C:\WINDOWS\WinSxS\amd64_microsoft.windows.common-controls_6595b64144ccf1df_6.0.19041.1110_none_60b5254171f9507e\COMCTL32.dll
0x00007ff8f1220000 - 0x00007ff8f124b000 	C:\WINDOWS\System32\GDI32.dll
0x00007ff8f0410000 - 0x00007ff8f0432000 	C:\WINDOWS\System32\win32u.dll
0x00007ff8f05c0000 - 0x00007ff8f06cb000 	C:\WINDOWS\System32\gdi32full.dll
0x00007ff8f06d0000 - 0x00007ff8f076d000 	C:\WINDOWS\System32\msvcp_win.dll
0x00007ff8e86f0000 - 0x00007ff8e86fa000 	C:\WINDOWS\SYSTEM32\VERSION.dll
0x00007ff8f2580000 - 0x00007ff8f25b0000 	C:\WINDOWS\System32\IMM32.DLL
0x00007ff8e71a0000 - 0x00007ff8e71ac000 	C:\Program Files\Java\jdk-17.0.2\bin\vcruntime140_1.dll
0x00007ff8a7a50000 - 0x00007ff8a7add000 	C:\Program Files\Java\jdk-17.0.2\bin\msvcp140.dll
0x00007ff8748f0000 - 0x00007ff8754b1000 	C:\Program Files\Java\jdk-17.0.2\bin\server\jvm.dll
0x00007ff8f1250000 - 0x00007ff8f1258000 	C:\WINDOWS\System32\PSAPI.DLL
0x00007ff8d5680000 - 0x00007ff8d56a7000 	C:\WINDOWS\SYSTEM32\WINMM.dll
0x00007ff8e9f10000 - 0x00007ff8e9f19000 	C:\WINDOWS\SYSTEM32\WSOCK32.dll
0x00007ff8f29e0000 - 0x00007ff8f2a4b000 	C:\WINDOWS\System32\WS2_32.dll
0x00007ff8eecb0000 - 0x00007ff8eecc2000 	C:\WINDOWS\SYSTEM32\kernel.appcore.dll
0x00007ff8df180000 - 0x00007ff8df18a000 	C:\Program Files\Java\jdk-17.0.2\bin\jimage.dll
0x00007ff8ee9d0000 - 0x00007ff8eebb4000 	C:\WINDOWS\SYSTEM32\DBGHELP.DLL
0x00007ff8e70c0000 - 0x00007ff8e70ec000 	C:\WINDOWS\SYSTEM32\dbgcore.DLL
0x00007ff8f0c10000 - 0x00007ff8f0c92000 	C:\WINDOWS\System32\bcryptPrimitives.dll
0x00007ff8deae0000 - 0x00007ff8deb05000 	C:\Program Files\Java\jdk-17.0.2\bin\java.dll

dbghelp: loaded successfully - version: 4.0.5 - missing functions: none
symbol engine: initialized successfully - sym options: 0x614 - pdb path: .;C:\Program Files\Java\jdk-17.0.2\bin;C:\WINDOWS\SYSTEM32;C:\WINDOWS\WinSxS\amd64_microsoft.windows.common-controls_6595b64144ccf1df_6.0.19041.1110_none_60b5254171f9507e;C:\Program Files\Java\jdk-17.0.2\bin\server

VM Arguments:
jvm_args: -Dfile.encoding=UTF-8 
java_command: EjerciciosSemana1.ejercicio3
java_class_path (initial): C:\Users\TheReyes\Documents\NetBeansProjects\MiPrimerPrograma-Java\build\classes
Launcher Type: SUN_STANDARD

[Global flags]
     intx CICompilerCount                          = 3                                         {product} {ergonomic}
     uint ConcGCThreads                            = 1                                         {product} {ergonomic}
     uint G1ConcRefinementThreads                  = 4                                         {product} {ergonomic}
   size_t G1HeapRegionSize                         = 1048576                                   {product} {ergonomic}
    uintx GCDrainStackTargetSize                   = 64                                        {product} {ergonomic}
   size_t InitialHeapSize                          = 65011712                                  {product} {ergonomic}
   size_t MarkStackSize                            = 4194304                                   {product} {ergonomic}
   size_t MaxHeapSize                              = 1027604480                                {product} {ergonomic}
   size_t MinHeapDeltaBytes                        = 1048576                                   {product} {ergonomic}
   size_t MinHeapSize                              = 8388608                                   {product} {ergonomic}
    uintx NonNMethodCodeHeapSize                   = 5832780                                {pd product} {ergonomic}
    uintx NonProfiledCodeHeapSize                  = 122912730                              {pd product} {ergonomic}
    uintx ProfiledCodeHeapSize                     = 122912730                              {pd product} {ergonomic}
    uintx ReservedCodeCacheSize                    = 251658240                              {pd product} {ergonomic}
     bool SegmentedCodeCache                       = true                                      {product} {ergonomic}
   size_t SoftMaxHeapSize                          = 1027604480                             {manageable} {ergonomic}
     bool UseCompressedClassPointers               = true                           {product lp64_product} {ergonomic}
     bool UseCompressedOops                        = true                           {product lp64_product} {ergonomic}
     bool UseG1GC                                  = true                                      {product} {ergonomic}
     bool UseLargePagesIndividualAllocation        = false                                  {pd product} {ergonomic}

Logging:
Log output configuration:
 #0: stdout all=warning uptime,level,tags
 #1: stderr all=off uptime,level,tags

Environment Variables:
PATH=C:\Program Files\Common Files\Oracle\Java\javapath;C:\WINDOWS\system32;C:\WINDOWS;C:\WINDOWS\System32\Wbem;C:\WINDOWS\System32\WindowsPowerShell\v1.0\;C:\WINDOWS\System32\OpenSSH\;C:\Program Files\Git\cmd;C:\Users\TheReyes\AppData\Local\Microsoft\WindowsApps;C:\Users\TheReyes\AppData\Local\GitHubDesktop\bin
USERNAME=TheReyes
OS=Windows_NT
PROCESSOR_IDENTIFIER=Intel64 Family 6 Model 122 Stepping 8, GenuineIntel



---------------  S Y S T E M  ---------------

OS:
 Windows 10 , 64 bit Build 19041 (10.0.19041.1566)
OS uptime: 7 days 12:38 hours

CPU: total 4 (initial active 4) (4 cores per cpu, 1 threads per core) family 6 model 122 stepping 8 microcode 0x16, cx8, cmov, fxsr, mmx, 3dnowpref, sse, sse2, sse3, ssse3, sse4.1, sse4.2, popcnt, tsc, tscinvbit, aes, erms, clmul, sha, clflush, clflushopt

Memory: 4k page, system-wide physical 3917M (253M free)
TotalPageFile size 15693M (AvailPageFile size 25M)
current process WorkingSet (physical memory assigned to process): 9M, peak: 9M
current process commit charge ("private bytes"): 51M, peak: 113M

vm_info: Java HotSpot(TM) 64-Bit Server VM (17.0.2+8-LTS-86) for windows-amd64 JRE (17.0.2+8-LTS-86), built on Dec  7 2021 21:51:03 by "mach5one" with MS VC++ 16.8 / 16.9 (VS2019)

END.
